<?xml version="1.0" encoding="UTF-8"?>
<!-- Generated by org.testng.reporters.JUnitReportReporter -->
<testsuite hostname="Ganez" failures="0" tests="1" name="TestNGTest" time="0.006" errors="0" timestamp="2021-12-14T10:17:14 CST" skipped="0">
  <testcase classname="TestNGTest" name="test" time="0.006"/>
  <system-out/>
</testsuite> <!-- TestNGTest -->
