<?xml version="1.0" encoding="UTF-8"?>
<!-- Generated by org.testng.reporters.JUnitReportReporter -->
<testsuite hostname="Ganez" failures="0" tests="1" name="ExtentReportTest" time="5.108" errors="0" timestamp="2022-01-03T11:10:38 CST" skipped="0">
  <testcase classname="ExtentReportTest" name="extentReportsDemo" time="5.108"/>
  <system-out/>
</testsuite> <!-- ExtentReportTest -->
