<?xml version="1.0" encoding="UTF-8"?>
<!-- Generated by org.testng.reporters.JUnitReportReporter -->
<testsuite hostname="Ganez" failures="0" tests="1" name="TestLogin" time="13.042" errors="0" timestamp="2021-12-13T10:46:52 CST" skipped="0">
  <testcase classname="TestLogin" name="test002" time="13.042"/>
  <system-out/>
</testsuite> <!-- TestLogin -->
