<?xml version="1.0" encoding="UTF-8"?>
<!-- Generated by org.testng.reporters.JUnitReportReporter -->
<testsuite hostname="Ganez" failures="0" tests="1" name="TestNG" time="8.478" errors="0" timestamp="2021-12-13T09:50:23 CST" skipped="0">
  <testcase classname="TestNG" name="test001" time="8.478"/>
  <system-out/>
</testsuite> <!-- TestNG -->
