<?xml version="1.0" encoding="UTF-8"?>
<!-- Generated by org.testng.reporters.JUnitReportReporter -->
<testsuite hostname="Ganez" failures="0" tests="2" name="CrossBrowserTest" time="0.049" errors="0" timestamp="2021-12-30T11:05:41 CST" skipped="0">
  <testcase classname="CrossBrowserTest" name="test1" time="0.036"/>
  <system-out/>
  <testcase classname="CrossBrowserTest" name="test1" time="0.013"/>
  <system-out/>
</testsuite> <!-- CrossBrowserTest -->
